<?xml version="1.0" encoding="UTF-8"?>
<testng-results ignored="0" total="1" passed="1" failed="0" skipped="0">
  <reporter-output>
  </reporter-output>
  <suite started-at="2021-02-23T03:35:58 IST" name="Default suite" finished-at="2021-02-23T03:36:19 IST" duration-ms="20439">
    <groups>
    </groups>
    <test started-at="2021-02-23T03:35:58 IST" name="Default test" finished-at="2021-02-23T03:36:19 IST" duration-ms="20439">
      <class name="PageObjectModel_BY.RegistratinTest2">
        <test-method signature="verifyFlightTest()[pri:0, instance:PageObjectModel_BY.RegistratinTest2@61d6015a]" started-at="2021-02-23T03:35:58 IST" name="verifyFlightTest" finished-at="2021-02-23T03:36:19 IST" duration-ms="20385" status="PASS">
          <reporter-output>
          </reporter-output>
        </test-method> <!-- verifyFlightTest -->
      </class> <!-- PageObjectModel_BY.RegistratinTest2 -->
    </test> <!-- Default test -->
  </suite> <!-- Default suite -->
</testng-results>
