<?xml version="1.0" encoding="UTF-8"?>
<!-- Generated by org.testng.reporters.JUnitXMLReporter -->
<testsuite hostname="DESKTOP-BDPMNOL" name="types of loan" tests="9" failures="0" timestamp="12 Dec 2020 12:59:08 GMT" time="0.065" errors="0">
  <testcase name="HomeLoanAPI" time="0.002" classname="TestNG.Home_Loan"/>
  <testcase name="HomeLoanMobile" time="0.002" classname="TestNG.Home_Loan"/>
  <testcase name="HomeLoanweb" time="0.003" classname="TestNG.Home_Loan"/>
  <testcase name="GoldLoanAPI" time="0.003" classname="TestNG.Gold_Loan"/>
  <testcase name="GoldLoanMobile" time="0.006" classname="TestNG.Gold_Loan"/>
  <testcase name="GoldLoanweb" time="0.006" classname="TestNG.Gold_Loan"/>
  <testcase name="CarLoanAPI" time="0.006" classname="TestNG.Car_Loan"/>
  <testcase name="CarLoanMobile" time="0.002" classname="TestNG.Car_Loan"/>
  <testcase name="CarLoanweb" time="0.002" classname="TestNG.Car_Loan"/>
</testsuite> <!-- types of loan -->
