<?xml version="1.0" encoding="UTF-8"?>
<testng-results ignored="0" total="1" passed="1" failed="0" skipped="0">
  <reporter-output>
  </reporter-output>
  <suite started-at="2023-03-26T22:21:16 IST" name="Default suite" finished-at="2023-03-26T22:21:28 IST" duration-ms="12029">
    <groups>
    </groups>
    <test started-at="2023-03-26T22:21:16 IST" name="Default test" finished-at="2023-03-26T22:21:28 IST" duration-ms="12029">
      <class name="uploadSelenium.uploadToolKit">
        <test-method signature="uploadFileToolKit()[pri:0, instance:uploadSelenium.uploadToolKit@43df23d3]" started-at="2023-03-26T22:21:16 IST" name="uploadFileToolKit" finished-at="2023-03-26T22:21:28 IST" duration-ms="11982" status="PASS">
          <reporter-output>
          </reporter-output>
        </test-method> <!-- uploadFileToolKit -->
      </class> <!-- uploadSelenium.uploadToolKit -->
    </test> <!-- Default test -->
  </suite> <!-- Default suite -->
</testng-results>
